2026-06-06 18:05:43,429  [INFO]  =======================================================
2026-06-06 18:05:43,430  [INFO]  Scheduled job started.
2026-06-06 18:05:57,204  [INFO]  Chrome WebDriver started successfully.
2026-06-06 18:05:57,208  [INFO]  Navigating to page 1: https://www.naukri.com/python-developer-jobs-in-india?pageNo=1
2026-06-06 18:06:07,647  [INFO]  Scrolled to bottom of page.
2026-06-06 18:06:07,726  [ERROR]  Unexpected error during scraping: Couldn't find a tree builder with the features you requested: lxml. Do you need to install a parser library?
Traceback (most recent call last):
  File "c:\Users\harsh\OneDrive\Desktop\Harshit Projects\JobScraper.py", line 240, in scrape_jobs
    jobs = parse_jobs(driver.page_source)
  File "c:\Users\harsh\OneDrive\Desktop\Harshit Projects\JobScraper.py", line 124, in parse_jobs
    soup = BeautifulSoup(page_source, "lxml")
  File "C:\Users\harsh\AppData\Local\Programs\Python\Python314\Lib\site-packages\bs4\__init__.py", line 366, in __init__
    raise FeatureNotFound(
    ...<3 lines>...
    )
bs4.exceptions.FeatureNotFound: Couldn't find a tree builder with the features you requested: lxml. Do you need to install a parser library?
2026-06-06 18:06:10,420  [INFO]  WebDriver closed.
2026-06-06 18:06:10,428  [WARNING]  No data collected in this run.
2026-06-06 18:06:10,454  [INFO]  Scheduler running — next run at 09:00 AM daily. Press Ctrl+C to stop.
2026-06-06 18:07:58,253  [INFO]  =======================================================
2026-06-06 18:07:58,258  [INFO]  Scheduled job started.
2026-06-06 18:08:02,286  [INFO]  Chrome WebDriver started successfully.
2026-06-06 18:08:02,289  [INFO]  Navigating to page 1: https://www.naukri.com/python-developer-jobs-in-india?pageNo=1
2026-06-06 18:08:12,899  [INFO]  Scrolled to bottom of page.
2026-06-06 18:08:13,208  [INFO]    Parsing 20 job cards …
2026-06-06 18:08:13,278  [INFO]  Page 1: +20 jobs (total: 20)
2026-06-06 18:08:18,730  [INFO]  No 'Next' button found — reached last page.
2026-06-06 18:08:23,996  [INFO]  WebDriver closed.
2026-06-06 18:08:25,500  [INFO]  Excel saved: output\jobs_python_developer_20260606_180824.xlsx
2026-06-06 18:08:25,512  [INFO]  JSON saved: output\jobs_python_developer_20260606_180824.json
2026-06-06 18:08:25,513  [INFO]  Scheduled job finished.
2026-06-06 18:08:25,513  [INFO]  =======================================================
2026-06-06 18:08:25,514  [INFO]  Scheduler running — next run at 09:00 AM daily. Press Ctrl+C to stop.
